<?xml version="1.0" encoding="UTF-8"?>
<testng-results skipped="0" failed="0" ignored="0" total="1" passed="1">
  <reporter-output>
  </reporter-output>
  <suite name="Default suite" duration-ms="40006" started-at="2020-04-17T03:51:46Z" finished-at="2020-04-17T03:52:26Z">
    <groups>
    </groups>
    <test name="Default test" duration-ms="40006" started-at="2020-04-17T03:51:46Z" finished-at="2020-04-17T03:52:26Z">
      <class name="com.test.Test1">
        <test-method status="PASS" signature="searchProduct()[pri:0, instance:com.test.Test1@20e2cbe0]" name="searchProduct" duration-ms="39924" started-at="2020-04-17T09:21:46Z" finished-at="2020-04-17T09:22:26Z">
          <reporter-output>
          </reporter-output>
        </test-method> <!-- searchProduct -->
      </class> <!-- com.test.Test1 -->
    </test> <!-- Default test -->
  </suite> <!-- Default suite -->
</testng-results>
